<?xml version="1.0" encoding="UTF-8"?>
<!-- Generated by org.testng.reporters.JUnitXMLReporter -->
<testsuite ignored="0" hostname="DESKTOP-IK4411D" failures="0" tests="7" name="Default test" time="9.493" errors="0" timestamp="09 Jan 2023 16:45:09 GMT">
  <testcase classname="com.endpoint.EndPointAddress" name="login" time="3.237"/>
  <testcase classname="com.endpoint.EndPointAddress" name="getStateList" time="0.961"/>
  <testcase classname="com.endpoint.EndPointAddress" name="getCityList" time="1.292"/>
  <testcase classname="com.endpoint.EndPointAddress" name="addUserAddress" time="0.943"/>
  <testcase classname="com.endpoint.EndPointAddress" name="updateUserAddress" time="0.915"/>
  <testcase classname="com.endpoint.EndPointAddress" name="getUserAddress" time="1.084"/>
  <testcase classname="com.endpoint.EndPointAddress" name="deleteUserAddress" time="0.991"/>
</testsuite> <!-- Default test -->
