<?xml version="1.0" encoding="UTF-8"?>
<testng-results ignored="0" total="7" passed="7" failed="0" skipped="0">
  <reporter-output>
  </reporter-output>
  <suite started-at="2023-01-09T16:44:59Z" name="Default suite" finished-at="2023-01-09T16:45:09Z" duration-ms="9493">
    <groups>
    </groups>
    <test started-at="2023-01-09T16:44:59Z" name="Default test" finished-at="2023-01-09T16:45:09Z" duration-ms="9493">
      <class name="com.endpoint.EndPointAddress">
        <test-method signature="login()[pri:1, instance:com.endpoint.EndPointAddress@6aa61224]" started-at="2023-01-09T16:44:59Z" name="login" finished-at="2023-01-09T16:45:03Z" duration-ms="3237" status="PASS">
          <reporter-output>
          </reporter-output>
        </test-method> <!-- login -->
        <test-method signature="getStateList()[pri:2, instance:com.endpoint.EndPointAddress@6aa61224]" started-at="2023-01-09T16:45:03Z" name="getStateList" finished-at="2023-01-09T16:45:04Z" duration-ms="961" status="PASS">
          <reporter-output>
          </reporter-output>
        </test-method> <!-- getStateList -->
        <test-method signature="getCityList()[pri:3, instance:com.endpoint.EndPointAddress@6aa61224]" started-at="2023-01-09T16:45:04Z" name="getCityList" finished-at="2023-01-09T16:45:05Z" duration-ms="1292" status="PASS">
          <reporter-output>
          </reporter-output>
        </test-method> <!-- getCityList -->
        <test-method signature="addUserAddress()[pri:4, instance:com.endpoint.EndPointAddress@6aa61224]" started-at="2023-01-09T16:45:05Z" name="addUserAddress" finished-at="2023-01-09T16:45:06Z" duration-ms="943" status="PASS">
          <reporter-output>
          </reporter-output>
        </test-method> <!-- addUserAddress -->
        <test-method signature="updateUserAddress()[pri:5, instance:com.endpoint.EndPointAddress@6aa61224]" started-at="2023-01-09T16:45:06Z" name="updateUserAddress" finished-at="2023-01-09T16:45:07Z" duration-ms="915" status="PASS">
          <reporter-output>
          </reporter-output>
        </test-method> <!-- updateUserAddress -->
        <test-method signature="getUserAddress()[pri:6, instance:com.endpoint.EndPointAddress@6aa61224]" started-at="2023-01-09T16:45:07Z" name="getUserAddress" finished-at="2023-01-09T16:45:08Z" duration-ms="1084" status="PASS">
          <reporter-output>
          </reporter-output>
        </test-method> <!-- getUserAddress -->
        <test-method signature="deleteUserAddress()[pri:7, instance:com.endpoint.EndPointAddress@6aa61224]" started-at="2023-01-09T16:45:08Z" name="deleteUserAddress" finished-at="2023-01-09T16:45:09Z" duration-ms="991" status="PASS">
          <reporter-output>
          </reporter-output>
        </test-method> <!-- deleteUserAddress -->
      </class> <!-- com.endpoint.EndPointAddress -->
    </test> <!-- Default test -->
  </suite> <!-- Default suite -->
</testng-results>
